<?xml version="1.0" encoding="UTF-8"?>
<!-- Generated by org.testng.reporters.JUnitXMLReporter -->
<testsuite hostname="sekhe-PC" ignored="0" name="Test" tests="6" failures="0" timestamp="04 Oct 2019 21:03:47 GMT" time="63.193" errors="0">
  <testcase name="CH01_verifyContainsSearchTerm" time="3.804" classname="com.sayali.test.FirstTextTest"/>
  <testcase name="CH02_verifyDoesNotContainSearchTerm" time="2.743" classname="com.sayali.test.FirstTextTest"/>
  <testcase name="CH03_verifyContainsImageTitle" time="5.296" classname="com.sayali.test.ImageTitleTest"/>
  <testcase name="CH04_verifyDoesNotContainImageTitle" time="3.414" classname="com.sayali.test.ImageTitleTest"/>
  <testcase name="CH05_verifyMapMenuOptionNotPresent" time="14.09" classname="com.sayali.test.GoogleMapTest"/>
  <testcase name="CH06_verifyMapMenuOptionPresent" time="11.026" classname="com.sayali.test.GoogleMapTest"/>
</testsuite> <!-- Test -->
