<?xml version="1.0" encoding="UTF-8"?>
<!-- Generated by org.testng.reporters.JUnitXMLReporter -->
<testsuite hostname="sekhe-PC" ignored="0" name="Test" tests="5" failures="0" timestamp="04 Oct 2019 02:33:13 GMT" time="43.833" errors="0">
  <testcase name="CH01_verifyContainsSearchTerm" time="4.16" classname="com.sayali.test.FirstTextTest"/>
  <testcase name="CH02_verifyDoesNotContainSearchTerm" time="2.308" classname="com.sayali.test.FirstTextTest"/>
  <testcase name="CH03_verifyContainsImageTitle" time="5.284" classname="com.sayali.test.ImageTitleTest"/>
  <testcase name="CH04_verifyDoesNotContainImageTitle" time="2.962" classname="com.sayali.test.ImageTitleTest"/>
  <testcase name="CH05_verifyMapMenuOptionNotPresent" time="12.615" classname="com.sayali.test.GoogleMapTest"/>
</testsuite> <!-- Test -->
